2023-06-20 09:39:14.588  INFO 11148 --- [restartedMain] c.e.m.MoviebookingticketApplication      : Starting MoviebookingticketApplication using Java 11.0.18 on DESKTOP-QR7J0ID with PID 11148 (C:\Users\AlbaniaLab\Desktop\Spring-Boot---movie-booking-master\Spring-Boot---movie-booking-master\target\classes started by AlbaniaLab in C:\Users\AlbaniaLab\Desktop\Spring-Boot---movie-booking-master)
2023-06-20 09:39:14.597 DEBUG 11148 --- [restartedMain] c.e.m.MoviebookingticketApplication      : Running with Spring Boot v2.6.7, Spring v5.3.19
2023-06-20 09:39:14.599  INFO 11148 --- [restartedMain] c.e.m.MoviebookingticketApplication      : No active profile set, falling back to 1 default profile: "default"
2023-06-20 09:39:14.720  INFO 11148 --- [restartedMain] .e.DevToolsPropertyDefaultsPostProcessor : Devtools property defaults active! Set 'spring.devtools.add-properties' to 'false' to disable
2023-06-20 09:39:14.721  INFO 11148 --- [restartedMain] .e.DevToolsPropertyDefaultsPostProcessor : For additional web related logging consider setting the 'logging.level.web' property to 'DEBUG'
2023-06-20 09:39:16.266  INFO 11148 --- [restartedMain] .s.d.r.c.RepositoryConfigurationDelegate : Bootstrapping Spring Data JPA repositories in DEFAULT mode.
2023-06-20 09:39:16.344  INFO 11148 --- [restartedMain] .s.d.r.c.RepositoryConfigurationDelegate : Finished Spring Data repository scanning in 61 ms. Found 5 JPA repository interfaces.
2023-06-20 09:39:17.128  INFO 11148 --- [restartedMain] o.s.b.w.embedded.tomcat.TomcatWebServer  : Tomcat initialized with port(s): 8080 (http)
2023-06-20 09:39:17.140  INFO 11148 --- [restartedMain] o.apache.catalina.core.StandardService   : Starting service [Tomcat]
2023-06-20 09:39:17.141  INFO 11148 --- [restartedMain] org.apache.catalina.core.StandardEngine  : Starting Servlet engine: [Apache Tomcat/9.0.62]
2023-06-20 09:39:17.221  INFO 11148 --- [restartedMain] o.a.c.c.C.[Tomcat].[localhost].[/]       : Initializing Spring embedded WebApplicationContext
2023-06-20 09:39:17.221  INFO 11148 --- [restartedMain] w.s.c.ServletWebServerApplicationContext : Root WebApplicationContext: initialization completed in 2499 ms
2023-06-20 09:39:17.274  INFO 11148 --- [restartedMain] com.zaxxer.hikari.HikariDataSource       : HikariPool-1 - Starting...
2023-06-20 09:39:17.706  INFO 11148 --- [restartedMain] com.zaxxer.hikari.HikariDataSource       : HikariPool-1 - Start completed.
2023-06-20 09:39:17.718  INFO 11148 --- [restartedMain] o.s.b.a.h2.H2ConsoleAutoConfiguration    : H2 console available at '/h2-console'. Database available at 'jdbc:mysql://127.0.0.1:3306/movie'
2023-06-20 09:39:17.907  INFO 11148 --- [restartedMain] o.hibernate.jpa.internal.util.LogHelper  : HHH000204: Processing PersistenceUnitInfo [name: default]
2023-06-20 09:39:18.022  INFO 11148 --- [restartedMain] org.hibernate.Version                    : HHH000412: Hibernate ORM core version 5.6.8.Final
2023-06-20 09:39:18.222  INFO 11148 --- [restartedMain] o.hibernate.annotations.common.Version   : HCANN000001: Hibernate Commons Annotations {5.1.2.Final}
2023-06-20 09:39:18.360  INFO 11148 --- [restartedMain] org.hibernate.dialect.Dialect            : HHH000400: Using dialect: org.hibernate.dialect.MySQL5Dialect
2023-06-20 09:39:19.080  INFO 11148 --- [restartedMain] o.h.e.t.j.p.i.JtaPlatformInitiator       : HHH000490: Using JtaPlatform implementation: [org.hibernate.engine.transaction.jta.platform.internal.NoJtaPlatform]
2023-06-20 09:39:19.091  INFO 11148 --- [restartedMain] j.LocalContainerEntityManagerFactoryBean : Initialized JPA EntityManagerFactory for persistence unit 'default'
2023-06-20 09:39:19.999  WARN 11148 --- [restartedMain] JpaBaseConfiguration$JpaWebConfiguration : spring.jpa.open-in-view is enabled by default. Therefore, database queries may be performed during view rendering. Explicitly configure spring.jpa.open-in-view to disable this warning
2023-06-20 09:39:20.396  INFO 11148 --- [restartedMain] o.s.b.d.a.OptionalLiveReloadServer       : LiveReload server is running on port 35729
2023-06-20 09:39:21.398  INFO 11148 --- [restartedMain] o.s.b.w.embedded.tomcat.TomcatWebServer  : Tomcat started on port(s): 8080 (http) with context path ''
2023-06-20 09:39:21.400  INFO 11148 --- [restartedMain] d.s.w.p.DocumentationPluginsBootstrapper : Context refreshed
2023-06-20 09:39:21.421  INFO 11148 --- [restartedMain] d.s.w.p.DocumentationPluginsBootstrapper : Found 1 custom documentation plugin(s)
2023-06-20 09:39:21.432  INFO 11148 --- [restartedMain] s.d.s.w.s.ApiListingReferenceScanner     : Scanning for api listing references
2023-06-20 09:39:21.736  INFO 11148 --- [restartedMain] .d.s.w.r.o.CachingOperationNameGenerator : Generating unique operation named: openapiJsonUsingGET_1
2023-06-20 09:39:21.824  INFO 11148 --- [restartedMain] c.e.m.MoviebookingticketApplication      : Started MoviebookingticketApplication in 8.257 seconds (JVM running for 9.911)
2023-06-20 09:45:04.455  INFO 11148 --- [SpringApplicationShutdownHook] j.LocalContainerEntityManagerFactoryBean : Closing JPA EntityManagerFactory for persistence unit 'default'
2023-06-20 09:45:04.466  INFO 11148 --- [SpringApplicationShutdownHook] com.zaxxer.hikari.HikariDataSource       : HikariPool-1 - Shutdown initiated...
2023-06-20 09:45:04.483  INFO 11148 --- [SpringApplicationShutdownHook] com.zaxxer.hikari.HikariDataSource       : HikariPool-1 - Shutdown completed.
