2023-06-28 11:19:33 [main] INFO  c.e.m.service.MovieServiceTest - Starting MovieServiceTest using Java 17.0.7 on DESKTOP-QR7J0ID with PID 20352 (started by AlbaniaLab in C:\Users\AlbaniaLab\Desktop\Spring-Boot---movie-booking-master\Spring-Boot---movie-booking-master)
2023-06-28 11:19:33 [main] INFO  c.e.m.service.MovieServiceTest - No active profile set, falling back to 1 default profile: "default"
2023-06-28 11:19:34 [main] INFO  o.s.d.r.c.RepositoryConfigurationDelegate - Bootstrapping Spring Data JPA repositories in DEFAULT mode.
2023-06-28 11:19:35 [main] INFO  o.s.d.r.c.RepositoryConfigurationDelegate - Finished Spring Data repository scanning in 97 ms. Found 5 JPA repository interfaces.
2023-06-28 11:19:36 [main] INFO  o.h.jpa.internal.util.LogHelper - HHH000204: Processing PersistenceUnitInfo [name: default]
2023-06-28 11:19:36 [main] INFO  org.hibernate.Version - HHH000412: Hibernate ORM core version 5.6.8.Final
2023-06-28 11:19:36 [main] INFO  o.h.annotations.common.Version - HCANN000001: Hibernate Commons Annotations {5.1.2.Final}
2023-06-28 11:19:37 [main] INFO  com.zaxxer.hikari.HikariDataSource - HikariPool-1 - Starting...
2023-06-28 11:19:37 [main] INFO  com.zaxxer.hikari.HikariDataSource - HikariPool-1 - Start completed.
2023-06-28 11:19:37 [main] INFO  org.hibernate.dialect.Dialect - HHH000400: Using dialect: org.hibernate.dialect.MySQL5Dialect
2023-06-28 11:19:38 [main] INFO  o.h.e.t.j.p.i.JtaPlatformInitiator - HHH000490: Using JtaPlatform implementation: [org.hibernate.engine.transaction.jta.platform.internal.NoJtaPlatform]
2023-06-28 11:19:38 [main] INFO  o.s.o.j.LocalContainerEntityManagerFactoryBean - Initialized JPA EntityManagerFactory for persistence unit 'default'
2023-06-28 11:19:39 [main] WARN  o.s.b.a.o.j.JpaBaseConfiguration$JpaWebConfiguration - spring.jpa.open-in-view is enabled by default. Therefore, database queries may be performed during view rendering. Explicitly configure spring.jpa.open-in-view to disable this warning
2023-06-28 11:19:41 [main] INFO  s.d.s.w.p.DocumentationPluginsBootstrapper - Context refreshed
2023-06-28 11:19:41 [main] INFO  s.d.s.w.p.DocumentationPluginsBootstrapper - Found 1 custom documentation plugin(s)
2023-06-28 11:19:41 [main] INFO  s.d.s.w.s.ApiListingReferenceScanner - Scanning for api listing references
2023-06-28 11:19:42 [main] INFO  s.d.s.w.r.o.CachingOperationNameGenerator - Generating unique operation named: openapiJsonUsingGET_1
2023-06-28 11:19:42 [main] INFO  c.e.m.service.MovieServiceTest - Started MovieServiceTest in 9.094 seconds (JVM running for 10.426)
2023-06-28 11:19:42 [SpringApplicationShutdownHook] INFO  o.s.o.j.LocalContainerEntityManagerFactoryBean - Closing JPA EntityManagerFactory for persistence unit 'default'
2023-06-28 11:19:42 [SpringApplicationShutdownHook] INFO  com.zaxxer.hikari.HikariDataSource - HikariPool-1 - Shutdown initiated...
2023-06-28 11:19:42 [SpringApplicationShutdownHook] INFO  com.zaxxer.hikari.HikariDataSource - HikariPool-1 - Shutdown completed.
2023-06-28 11:19:53 [main] INFO  c.e.m.service.MovieServiceTest - Starting MovieServiceTest using Java 17.0.7 on DESKTOP-QR7J0ID with PID 19148 (started by AlbaniaLab in C:\Users\AlbaniaLab\Desktop\Spring-Boot---movie-booking-master\Spring-Boot---movie-booking-master)
2023-06-28 11:19:53 [main] INFO  c.e.m.service.MovieServiceTest - No active profile set, falling back to 1 default profile: "default"
2023-06-28 11:19:55 [main] INFO  o.s.d.r.c.RepositoryConfigurationDelegate - Bootstrapping Spring Data JPA repositories in DEFAULT mode.
2023-06-28 11:19:55 [main] INFO  o.s.d.r.c.RepositoryConfigurationDelegate - Finished Spring Data repository scanning in 108 ms. Found 5 JPA repository interfaces.
2023-06-28 11:19:57 [main] INFO  o.h.jpa.internal.util.LogHelper - HHH000204: Processing PersistenceUnitInfo [name: default]
2023-06-28 11:19:57 [main] INFO  org.hibernate.Version - HHH000412: Hibernate ORM core version 5.6.8.Final
2023-06-28 11:19:57 [main] INFO  o.h.annotations.common.Version - HCANN000001: Hibernate Commons Annotations {5.1.2.Final}
2023-06-28 11:19:58 [main] INFO  com.zaxxer.hikari.HikariDataSource - HikariPool-1 - Starting...
2023-06-28 11:19:59 [main] INFO  com.zaxxer.hikari.HikariDataSource - HikariPool-1 - Start completed.
2023-06-28 11:19:59 [main] INFO  org.hibernate.dialect.Dialect - HHH000400: Using dialect: org.hibernate.dialect.MySQL5Dialect
2023-06-28 11:20:00 [main] INFO  o.h.e.t.j.p.i.JtaPlatformInitiator - HHH000490: Using JtaPlatform implementation: [org.hibernate.engine.transaction.jta.platform.internal.NoJtaPlatform]
2023-06-28 11:20:00 [main] INFO  o.s.o.j.LocalContainerEntityManagerFactoryBean - Initialized JPA EntityManagerFactory for persistence unit 'default'
2023-06-28 11:20:01 [main] WARN  o.s.b.a.o.j.JpaBaseConfiguration$JpaWebConfiguration - spring.jpa.open-in-view is enabled by default. Therefore, database queries may be performed during view rendering. Explicitly configure spring.jpa.open-in-view to disable this warning
2023-06-28 11:20:04 [main] INFO  s.d.s.w.p.DocumentationPluginsBootstrapper - Context refreshed
2023-06-28 11:20:04 [main] INFO  s.d.s.w.p.DocumentationPluginsBootstrapper - Found 1 custom documentation plugin(s)
2023-06-28 11:20:04 [main] INFO  s.d.s.w.s.ApiListingReferenceScanner - Scanning for api listing references
2023-06-28 11:20:06 [main] INFO  s.d.s.w.r.o.CachingOperationNameGenerator - Generating unique operation named: openapiJsonUsingGET_1
2023-06-28 11:20:06 [main] INFO  c.e.m.service.MovieServiceTest - Started MovieServiceTest in 14.158 seconds (JVM running for 15.871)
2023-06-28 11:20:07 [SpringApplicationShutdownHook] INFO  o.s.o.j.LocalContainerEntityManagerFactoryBean - Closing JPA EntityManagerFactory for persistence unit 'default'
2023-06-28 11:20:07 [SpringApplicationShutdownHook] INFO  com.zaxxer.hikari.HikariDataSource - HikariPool-1 - Shutdown initiated...
2023-06-28 11:20:07 [SpringApplicationShutdownHook] INFO  com.zaxxer.hikari.HikariDataSource - HikariPool-1 - Shutdown completed.
2023-06-28 11:20:24 [main] INFO  c.e.m.service.MovieServiceTest - Starting MovieServiceTest using Java 17.0.7 on DESKTOP-QR7J0ID with PID 18228 (started by AlbaniaLab in C:\Users\AlbaniaLab\Desktop\Spring-Boot---movie-booking-master\Spring-Boot---movie-booking-master)
2023-06-28 11:20:24 [main] INFO  c.e.m.service.MovieServiceTest - No active profile set, falling back to 1 default profile: "default"
2023-06-28 11:20:27 [main] INFO  o.s.d.r.c.RepositoryConfigurationDelegate - Bootstrapping Spring Data JPA repositories in DEFAULT mode.
2023-06-28 11:20:27 [main] INFO  o.s.d.r.c.RepositoryConfigurationDelegate - Finished Spring Data repository scanning in 111 ms. Found 5 JPA repository interfaces.
2023-06-28 11:20:29 [main] INFO  o.h.jpa.internal.util.LogHelper - HHH000204: Processing PersistenceUnitInfo [name: default]
2023-06-28 11:20:29 [main] INFO  org.hibernate.Version - HHH000412: Hibernate ORM core version 5.6.8.Final
2023-06-28 11:20:29 [main] INFO  o.h.annotations.common.Version - HCANN000001: Hibernate Commons Annotations {5.1.2.Final}
2023-06-28 11:20:30 [main] INFO  com.zaxxer.hikari.HikariDataSource - HikariPool-1 - Starting...
2023-06-28 11:20:30 [main] INFO  com.zaxxer.hikari.HikariDataSource - HikariPool-1 - Start completed.
2023-06-28 11:20:30 [main] INFO  org.hibernate.dialect.Dialect - HHH000400: Using dialect: org.hibernate.dialect.MySQL5Dialect
2023-06-28 11:20:31 [main] INFO  o.h.e.t.j.p.i.JtaPlatformInitiator - HHH000490: Using JtaPlatform implementation: [org.hibernate.engine.transaction.jta.platform.internal.NoJtaPlatform]
2023-06-28 11:20:31 [main] INFO  o.s.o.j.LocalContainerEntityManagerFactoryBean - Initialized JPA EntityManagerFactory for persistence unit 'default'
2023-06-28 11:20:33 [main] WARN  o.s.b.a.o.j.JpaBaseConfiguration$JpaWebConfiguration - spring.jpa.open-in-view is enabled by default. Therefore, database queries may be performed during view rendering. Explicitly configure spring.jpa.open-in-view to disable this warning
2023-06-28 11:20:36 [main] INFO  s.d.s.w.p.DocumentationPluginsBootstrapper - Context refreshed
2023-06-28 11:20:36 [main] INFO  s.d.s.w.p.DocumentationPluginsBootstrapper - Found 1 custom documentation plugin(s)
2023-06-28 11:20:36 [main] INFO  s.d.s.w.s.ApiListingReferenceScanner - Scanning for api listing references
2023-06-28 11:20:36 [main] INFO  s.d.s.w.r.o.CachingOperationNameGenerator - Generating unique operation named: openapiJsonUsingGET_1
2023-06-28 11:20:37 [main] INFO  c.e.m.service.MovieServiceTest - Started MovieServiceTest in 13.335 seconds (JVM running for 15.047)
2023-06-28 11:20:37 [SpringApplicationShutdownHook] INFO  o.s.o.j.LocalContainerEntityManagerFactoryBean - Closing JPA EntityManagerFactory for persistence unit 'default'
2023-06-28 11:20:37 [SpringApplicationShutdownHook] INFO  com.zaxxer.hikari.HikariDataSource - HikariPool-1 - Shutdown initiated...
2023-06-28 11:20:37 [SpringApplicationShutdownHook] INFO  com.zaxxer.hikari.HikariDataSource - HikariPool-1 - Shutdown completed.
2023-06-28 11:21:22 [main] INFO  c.e.m.service.BookNewControllerTest - Starting BookNewControllerTest using Java 17.0.7 on DESKTOP-QR7J0ID with PID 1560 (started by AlbaniaLab in C:\Users\AlbaniaLab\Desktop\Spring-Boot---movie-booking-master\Spring-Boot---movie-booking-master)
2023-06-28 11:21:22 [main] INFO  c.e.m.service.BookNewControllerTest - No active profile set, falling back to 1 default profile: "default"
2023-06-28 11:21:23 [main] INFO  o.s.d.r.c.RepositoryConfigurationDelegate - Bootstrapping Spring Data JPA repositories in DEFAULT mode.
2023-06-28 11:21:23 [main] INFO  o.s.d.r.c.RepositoryConfigurationDelegate - Finished Spring Data repository scanning in 110 ms. Found 5 JPA repository interfaces.
2023-06-28 11:21:25 [main] INFO  o.h.jpa.internal.util.LogHelper - HHH000204: Processing PersistenceUnitInfo [name: default]
2023-06-28 11:21:25 [main] INFO  org.hibernate.Version - HHH000412: Hibernate ORM core version 5.6.8.Final
2023-06-28 11:21:25 [main] INFO  o.h.annotations.common.Version - HCANN000001: Hibernate Commons Annotations {5.1.2.Final}
2023-06-28 11:21:25 [main] INFO  com.zaxxer.hikari.HikariDataSource - HikariPool-1 - Starting...
2023-06-28 11:21:26 [main] INFO  com.zaxxer.hikari.HikariDataSource - HikariPool-1 - Start completed.
2023-06-28 11:21:26 [main] INFO  org.hibernate.dialect.Dialect - HHH000400: Using dialect: org.hibernate.dialect.MySQL5Dialect
2023-06-28 11:21:27 [main] INFO  o.h.e.t.j.p.i.JtaPlatformInitiator - HHH000490: Using JtaPlatform implementation: [org.hibernate.engine.transaction.jta.platform.internal.NoJtaPlatform]
2023-06-28 11:21:27 [main] INFO  o.s.o.j.LocalContainerEntityManagerFactoryBean - Initialized JPA EntityManagerFactory for persistence unit 'default'
2023-06-28 11:21:28 [main] WARN  o.s.b.a.o.j.JpaBaseConfiguration$JpaWebConfiguration - spring.jpa.open-in-view is enabled by default. Therefore, database queries may be performed during view rendering. Explicitly configure spring.jpa.open-in-view to disable this warning
2023-06-28 11:21:31 [main] INFO  s.d.s.w.p.DocumentationPluginsBootstrapper - Context refreshed
2023-06-28 11:21:31 [main] INFO  s.d.s.w.p.DocumentationPluginsBootstrapper - Found 1 custom documentation plugin(s)
2023-06-28 11:21:31 [main] INFO  s.d.s.w.s.ApiListingReferenceScanner - Scanning for api listing references
2023-06-28 11:21:31 [main] INFO  s.d.s.w.r.o.CachingOperationNameGenerator - Generating unique operation named: openapiJsonUsingGET_1
2023-06-28 11:21:31 [main] INFO  c.e.m.service.BookNewControllerTest - Started BookNewControllerTest in 9.934 seconds (JVM running for 11.519)
2023-06-28 11:21:31 [SpringApplicationShutdownHook] INFO  o.s.o.j.LocalContainerEntityManagerFactoryBean - Closing JPA EntityManagerFactory for persistence unit 'default'
2023-06-28 11:21:31 [SpringApplicationShutdownHook] INFO  com.zaxxer.hikari.HikariDataSource - HikariPool-1 - Shutdown initiated...
2023-06-28 11:21:31 [SpringApplicationShutdownHook] INFO  com.zaxxer.hikari.HikariDataSource - HikariPool-1 - Shutdown completed.
2023-06-28 11:22:04 [main] INFO  c.e.m.service.BookNewControllerTest - Starting BookNewControllerTest using Java 17.0.7 on DESKTOP-QR7J0ID with PID 20496 (started by AlbaniaLab in C:\Users\AlbaniaLab\Desktop\Spring-Boot---movie-booking-master\Spring-Boot---movie-booking-master)
2023-06-28 11:22:04 [main] INFO  c.e.m.service.BookNewControllerTest - No active profile set, falling back to 1 default profile: "default"
2023-06-28 11:22:06 [main] INFO  o.s.d.r.c.RepositoryConfigurationDelegate - Bootstrapping Spring Data JPA repositories in DEFAULT mode.
2023-06-28 11:22:06 [main] INFO  o.s.d.r.c.RepositoryConfigurationDelegate - Finished Spring Data repository scanning in 118 ms. Found 5 JPA repository interfaces.
2023-06-28 11:22:08 [main] INFO  o.h.jpa.internal.util.LogHelper - HHH000204: Processing PersistenceUnitInfo [name: default]
2023-06-28 11:22:08 [main] INFO  org.hibernate.Version - HHH000412: Hibernate ORM core version 5.6.8.Final
2023-06-28 11:22:08 [main] INFO  o.h.annotations.common.Version - HCANN000001: Hibernate Commons Annotations {5.1.2.Final}
2023-06-28 11:22:08 [main] INFO  com.zaxxer.hikari.HikariDataSource - HikariPool-1 - Starting...
2023-06-28 11:22:09 [main] INFO  com.zaxxer.hikari.HikariDataSource - HikariPool-1 - Start completed.
2023-06-28 11:22:09 [main] INFO  org.hibernate.dialect.Dialect - HHH000400: Using dialect: org.hibernate.dialect.MySQL5Dialect
2023-06-28 11:22:10 [main] INFO  o.h.e.t.j.p.i.JtaPlatformInitiator - HHH000490: Using JtaPlatform implementation: [org.hibernate.engine.transaction.jta.platform.internal.NoJtaPlatform]
2023-06-28 11:22:10 [main] INFO  o.s.o.j.LocalContainerEntityManagerFactoryBean - Initialized JPA EntityManagerFactory for persistence unit 'default'
2023-06-28 11:22:11 [main] WARN  o.s.b.a.o.j.JpaBaseConfiguration$JpaWebConfiguration - spring.jpa.open-in-view is enabled by default. Therefore, database queries may be performed during view rendering. Explicitly configure spring.jpa.open-in-view to disable this warning
2023-06-28 11:22:14 [main] INFO  s.d.s.w.p.DocumentationPluginsBootstrapper - Context refreshed
2023-06-28 11:22:14 [main] INFO  s.d.s.w.p.DocumentationPluginsBootstrapper - Found 1 custom documentation plugin(s)
2023-06-28 11:22:14 [main] INFO  s.d.s.w.s.ApiListingReferenceScanner - Scanning for api listing references
2023-06-28 11:22:14 [main] INFO  s.d.s.w.r.o.CachingOperationNameGenerator - Generating unique operation named: openapiJsonUsingGET_1
2023-06-28 11:22:14 [main] INFO  c.e.m.service.BookNewControllerTest - Started BookNewControllerTest in 10.199 seconds (JVM running for 11.79)
2023-06-28 11:22:14 [SpringApplicationShutdownHook] INFO  o.s.o.j.LocalContainerEntityManagerFactoryBean - Closing JPA EntityManagerFactory for persistence unit 'default'
2023-06-28 11:22:14 [SpringApplicationShutdownHook] INFO  com.zaxxer.hikari.HikariDataSource - HikariPool-1 - Shutdown initiated...
2023-06-28 11:22:14 [SpringApplicationShutdownHook] INFO  com.zaxxer.hikari.HikariDataSource - HikariPool-1 - Shutdown completed.
